  [1m[35m (571.4ms)[0m  [1m[35mCREATE DATABASE "growfundgreen_development" ENCODING = 'unicode'[0m
  [1m[35m (127.3ms)[0m  [1m[35mCREATE DATABASE "growfundgreen_test" ENCODING = 'unicode'[0m
  [1m[35m (90.0ms)[0m  [1m[35mCREATE TABLE "schema_migrations" ("version" character varying NOT NULL PRIMARY KEY)[0m
  [1m[35m (27.3ms)[0m  [1m[35mCREATE TABLE "ar_internal_metadata" ("key" character varying NOT NULL PRIMARY KEY, "value" character varying, "created_at" timestamp(6) NOT NULL, "updated_at" timestamp(6) NOT NULL)[0m
  [1m[35m (1.0ms)[0m  [1m[34mSELECT pg_try_advisory_lock(5926418440506245640)[0m
  [1m[35m (1.5ms)[0m  [1m[34mSELECT "schema_migrations"."version" FROM "schema_migrations" ORDER BY "schema_migrations"."version" ASC[0m
Migrating to CreateCampaigns (20210519164812)
  [1m[36mTRANSACTION (0.8ms)[0m  [1m[35mBEGIN[0m
  [1m[35m (27.4ms)[0m  [1m[35mCREATE TABLE "campaigns" ("id" bigserial primary key, "name" character varying, "description" character varying, "goal" integer, "user_id" bigint, "created_at" timestamp(6) NOT NULL, "updated_at" timestamp(6) NOT NULL)[0m
  [1m[35m (6.8ms)[0m  [1m[35mCREATE INDEX "index_campaigns_on_user_id" ON "campaigns" ("user_id")[0m
  [1m[36mActiveRecord::SchemaMigration Create (12.9ms)[0m  [1m[32mINSERT INTO "schema_migrations" ("version") VALUES ($1) RETURNING "version"[0m  [["version", "20210519164812"]]
  [1m[36mTRANSACTION (2.8ms)[0m  [1m[35mCOMMIT[0m
Migrating to CreateUsers (20210524184018)
  [1m[36mTRANSACTION (2.6ms)[0m  [1m[35mBEGIN[0m
  [1m[35m (12.5ms)[0m  [1m[35mCREATE TABLE "users" ("id" bigserial primary key, "username" character varying, "name" character varying, "email" character varying, "bio" text, "password_digest" character varying, "created_at" timestamp(6) NOT NULL, "updated_at" timestamp(6) NOT NULL)[0m
  [1m[36mActiveRecord::SchemaMigration Create (1.7ms)[0m  [1m[32mINSERT INTO "schema_migrations" ("version") VALUES ($1) RETURNING "version"[0m  [["version", "20210524184018"]]
  [1m[36mTRANSACTION (2.8ms)[0m  [1m[35mCOMMIT[0m
Migrating to CreateDonations (20210524184530)
  [1m[36mTRANSACTION (1.1ms)[0m  [1m[35mBEGIN[0m
  [1m[35m (39.8ms)[0m  [1m[35mCREATE TABLE "donations" ("id" bigserial primary key, "comment" character varying, "price" float, "campaign_id" bigint NOT NULL, "user_id" bigint NOT NULL, "created_at" timestamp(6) NOT NULL, "updated_at" timestamp(6) NOT NULL, CONSTRAINT "fk_rails_31f713d989"
FOREIGN KEY ("campaign_id")
  REFERENCES "campaigns" ("id")
, CONSTRAINT "fk_rails_5470822a00"
FOREIGN KEY ("user_id")
  REFERENCES "users" ("id")
)[0m
  [1m[35m (3.5ms)[0m  [1m[35mCREATE INDEX "index_donations_on_campaign_id" ON "donations" ("campaign_id")[0m
  [1m[35m (3.3ms)[0m  [1m[35mCREATE INDEX "index_donations_on_user_id" ON "donations" ("user_id")[0m
  [1m[36mActiveRecord::SchemaMigration Create (1.2ms)[0m  [1m[32mINSERT INTO "schema_migrations" ("version") VALUES ($1) RETURNING "version"[0m  [["version", "20210524184530"]]
  [1m[36mTRANSACTION (1.1ms)[0m  [1m[35mCOMMIT[0m
  [1m[36mActiveRecord::InternalMetadata Load (0.5ms)[0m  [1m[34mSELECT "ar_internal_metadata".* FROM "ar_internal_metadata" WHERE "ar_internal_metadata"."key" = $1 LIMIT $2[0m  [["key", "environment"], ["LIMIT", 1]]
  [1m[36mTRANSACTION (0.4ms)[0m  [1m[35mBEGIN[0m
  [1m[36mActiveRecord::InternalMetadata Create (3.7ms)[0m  [1m[32mINSERT INTO "ar_internal_metadata" ("key", "value", "created_at", "updated_at") VALUES ($1, $2, $3, $4) RETURNING "key"[0m  [["key", "environment"], ["value", "development"], ["created_at", "2021-05-24 18:55:35.030882"], ["updated_at", "2021-05-24 18:55:35.030882"]]
  [1m[36mTRANSACTION (2.2ms)[0m  [1m[35mCOMMIT[0m
  [1m[35m (1.1ms)[0m  [1m[34mSELECT pg_advisory_unlock(5926418440506245640)[0m
  [1m[35m (1.9ms)[0m  [1m[34mSELECT "schema_migrations"."version" FROM "schema_migrations" ORDER BY "schema_migrations"."version" ASC[0m
Started GET "/" for 127.0.0.1 at 2021-05-24 14:57:00 -0400
  [1m[35m (3.6ms)[0m  [1m[34mSELECT "schema_migrations"."version" FROM "schema_migrations" ORDER BY "schema_migrations"."version" ASC[0m
Processing by Rails::WelcomeController#index as HTML
  Rendering /Users/maxine1/.rvm/gems/ruby-2.6.1/gems/railties-6.1.3.2/lib/rails/templates/rails/welcome/index.html.erb
  Rendered /Users/maxine1/.rvm/gems/ruby-2.6.1/gems/railties-6.1.3.2/lib/rails/templates/rails/welcome/index.html.erb (Duration: 115.1ms | Allocations: 480)
Completed 200 OK in 255ms (Views: 167.4ms | ActiveRecord: 0.0ms | Allocations: 4151)


Started GET "/favicon.ico" for 127.0.0.1 at 2021-05-24 14:57:02 -0400
  
ActionController::RoutingError (No route matches [GET] "/favicon.ico"):
  
Started GET "/campaigns" for 127.0.0.1 at 2021-05-24 14:57:07 -0400
Processing by CampaignsController#index as HTML
  [1m[36mCampaign Load (4.8ms)[0m  [1m[34mSELECT "campaigns".* FROM "campaigns"[0m
  ↳ app/controllers/campaigns_controller.rb:8:in `index'
Completed 200 OK in 70ms (Views: 9.3ms | ActiveRecord: 4.8ms | Allocations: 4857)


Started GET "/api/v1/campaigns" for 127.0.0.1 at 2021-05-24 15:03:39 -0400
  [1m[35m (5.0ms)[0m  [1m[34mSELECT "schema_migrations"."version" FROM "schema_migrations" ORDER BY "schema_migrations"."version" ASC[0m
Processing by Api::V1::CampaignsController#index as HTML
  [1m[36mCampaign Load (3.3ms)[0m  [1m[34mSELECT "campaigns".* FROM "campaigns"[0m
  ↳ app/controllers/api/v1/campaigns_controller.rb:8:in `index'
Completed 200 OK in 92ms (Views: 8.4ms | ActiveRecord: 3.3ms | Allocations: 6021)


